<?xml version="1.0" encoding="UTF-8"?>
<!-- Generated by org.testng.reporters.JUnitXMLReporter -->
<testsuite ignored="0" hostname="LAPTOP-JUND32GT" failures="0" tests="4" name="Default test" time="5.278" errors="0" timestamp="2024-08-03T22:52:32 IST">
  <testcase classname="api.testcases.UserTest" name="testCreateUser" time="2.109"/>
  <testcase classname="api.testcases.UserTest" name="testGetUser" time="0.7"/>
  <testcase classname="api.testcases.UserTest" name="testUpdateUser" time="1.344"/>
  <testcase classname="api.testcases.UserTest" name="testDeeleteUser" time="0.637"/>
</testsuite> <!-- Default test -->
