<?xml version="1.0" encoding="UTF-8"?>
<!-- Generated by org.testng.reporters.JUnitXMLReporter -->
<testsuite ignored="0" hostname="LAPTOP-JUND32GT" failures="1" tests="4" name="Test" time="4.743" errors="0" timestamp="2024-08-04T21:12:35 IST">
  <testcase classname="api.testcases.UserTest" name="testCreateUser" time="2.077"/>
  <testcase classname="api.testcases.UserTest" name="testGetUser" time="0.674"/>
  <testcase classname="api.testcases.UserTest" name="testUpdateUser" time="0.697">
    <failure type="java.lang.AssertionError" message="Staus code should be 200 expected [400] but found [200]">
      <![CDATA[java.lang.AssertionError: Staus code should be 200 expected [400] but found [200]
at api.testcases.UserTest.testUpdateUser(UserTest.java:71)
at java.base/java.util.ArrayList.forEach(ArrayList.java:1597)
... Removed 31 stack frames]]>
    </failure>
  </testcase> <!-- testUpdateUser -->
  <testcase classname="api.testcases.UserTest" name="testDeeleteUser" time="0.639"/>
</testsuite> <!-- Test -->
