<?xml version="1.0" encoding="UTF-8"?>
<testng-results ignored="0" total="8" passed="8" failed="0" skipped="0">
  <reporter-output>
  </reporter-output>
  <suite started-at="2024-08-04T12:48:28 IST" name="Default suite" finished-at="2024-08-04T12:48:40 IST" duration-ms="11802">
    <groups>
    </groups>
    <test started-at="2024-08-04T12:48:28 IST" name="Default test" finished-at="2024-08-04T12:48:40 IST" duration-ms="11802">
      <class name="api.testcases.DataDrivenTest">
        <test-method signature="testCreateUser(java.lang.String,java.lang.String,java.lang.String,java.lang.String,java.lang.String,java.lang.String,java.lang.String)[pri:1, instance:api.testcases.DataDrivenTest@1cf6d1be]" started-at="2024-08-04T12:48:28 IST" name="testCreateUser" data-provider="excelData" finished-at="2024-08-04T12:48:32 IST" duration-ms="3365" status="PASS">
          <params>
            <param index="0">
              <value>
                <![CDATA[345]]>
              </value>
            </param>
            <param index="1">
              <value>
                <![CDATA[sirt]]>
              </value>
            </param>
            <param index="2">
              <value>
                <![CDATA[srtit]]>
              </value>
            </param>
            <param index="3">
              <value>
                <![CDATA[newlast]]>
              </value>
            </param>
            <param index="4">
              <value>
                <![CDATA[samplemail]]>
              </value>
            </param>
            <param index="5">
              <value>
                <![CDATA[newname]]>
              </value>
            </param>
            <param index="6">
              <value>
                <![CDATA[9887987]]>
              </value>
            </param>
          </params>
          <reporter-output>
          </reporter-output>
        </test-method> <!-- testCreateUser -->
        <test-method signature="testCreateUser(java.lang.String,java.lang.String,java.lang.String,java.lang.String,java.lang.String,java.lang.String,java.lang.String)[pri:1, instance:api.testcases.DataDrivenTest@1cf6d1be]" started-at="2024-08-04T12:48:32 IST" name="testCreateUser" data-provider="excelData" finished-at="2024-08-04T12:48:33 IST" duration-ms="1084" status="PASS">
          <params>
            <param index="0">
              <value>
                <![CDATA[876]]>
              </value>
            </param>
            <param index="1">
              <value>
                <![CDATA[newname]]>
              </value>
            </param>
            <param index="2">
              <value>
                <![CDATA[sample]]>
              </value>
            </param>
            <param index="3">
              <value>
                <![CDATA[lastname]]>
              </value>
            </param>
            <param index="4">
              <value>
                <![CDATA[A@gmail.com]]>
              </value>
            </param>
            <param index="5">
              <value>
                <![CDATA[newexample]]>
              </value>
            </param>
            <param index="6">
              <value>
                <![CDATA[777987977989]]>
              </value>
            </param>
          </params>
          <reporter-output>
          </reporter-output>
        </test-method> <!-- testCreateUser -->
        <test-method signature="testGetusers(java.lang.String,java.lang.String,java.lang.String,java.lang.String,java.lang.String,java.lang.String,java.lang.String)[pri:2, instance:api.testcases.DataDrivenTest@1cf6d1be]" started-at="2024-08-04T12:48:33 IST" name="testGetusers" data-provider="excelData" finished-at="2024-08-04T12:48:34 IST" duration-ms="1193" status="PASS">
          <params>
            <param index="0">
              <value>
                <![CDATA[345]]>
              </value>
            </param>
            <param index="1">
              <value>
                <![CDATA[sirt]]>
              </value>
            </param>
            <param index="2">
              <value>
                <![CDATA[srtit]]>
              </value>
            </param>
            <param index="3">
              <value>
                <![CDATA[newlast]]>
              </value>
            </param>
            <param index="4">
              <value>
                <![CDATA[samplemail]]>
              </value>
            </param>
            <param index="5">
              <value>
                <![CDATA[newname]]>
              </value>
            </param>
            <param index="6">
              <value>
                <![CDATA[9887987]]>
              </value>
            </param>
          </params>
          <reporter-output>
          </reporter-output>
        </test-method> <!-- testGetusers -->
        <test-method signature="testGetusers(java.lang.String,java.lang.String,java.lang.String,java.lang.String,java.lang.String,java.lang.String,java.lang.String)[pri:2, instance:api.testcases.DataDrivenTest@1cf6d1be]" started-at="2024-08-04T12:48:34 IST" name="testGetusers" data-provider="excelData" finished-at="2024-08-04T12:48:35 IST" duration-ms="1081" status="PASS">
          <params>
            <param index="0">
              <value>
                <![CDATA[876]]>
              </value>
            </param>
            <param index="1">
              <value>
                <![CDATA[newname]]>
              </value>
            </param>
            <param index="2">
              <value>
                <![CDATA[sample]]>
              </value>
            </param>
            <param index="3">
              <value>
                <![CDATA[lastname]]>
              </value>
            </param>
            <param index="4">
              <value>
                <![CDATA[A@gmail.com]]>
              </value>
            </param>
            <param index="5">
              <value>
                <![CDATA[newexample]]>
              </value>
            </param>
            <param index="6">
              <value>
                <![CDATA[777987977989]]>
              </value>
            </param>
          </params>
          <reporter-output>
          </reporter-output>
        </test-method> <!-- testGetusers -->
        <test-method signature="testUpdateUsers(java.lang.String,java.lang.String,java.lang.String,java.lang.String,java.lang.String,java.lang.String,java.lang.String)[pri:3, instance:api.testcases.DataDrivenTest@1cf6d1be]" started-at="2024-08-04T12:48:35 IST" name="testUpdateUsers" data-provider="excelData" finished-at="2024-08-04T12:48:36 IST" duration-ms="1164" status="PASS">
          <params>
            <param index="0">
              <value>
                <![CDATA[345]]>
              </value>
            </param>
            <param index="1">
              <value>
                <![CDATA[sirt]]>
              </value>
            </param>
            <param index="2">
              <value>
                <![CDATA[srtit]]>
              </value>
            </param>
            <param index="3">
              <value>
                <![CDATA[newlast]]>
              </value>
            </param>
            <param index="4">
              <value>
                <![CDATA[samplemail]]>
              </value>
            </param>
            <param index="5">
              <value>
                <![CDATA[newname]]>
              </value>
            </param>
            <param index="6">
              <value>
                <![CDATA[9887987]]>
              </value>
            </param>
          </params>
          <reporter-output>
          </reporter-output>
        </test-method> <!-- testUpdateUsers -->
        <test-method signature="testUpdateUsers(java.lang.String,java.lang.String,java.lang.String,java.lang.String,java.lang.String,java.lang.String,java.lang.String)[pri:3, instance:api.testcases.DataDrivenTest@1cf6d1be]" started-at="2024-08-04T12:48:36 IST" name="testUpdateUsers" data-provider="excelData" finished-at="2024-08-04T12:48:38 IST" duration-ms="1135" status="PASS">
          <params>
            <param index="0">
              <value>
                <![CDATA[876]]>
              </value>
            </param>
            <param index="1">
              <value>
                <![CDATA[newname]]>
              </value>
            </param>
            <param index="2">
              <value>
                <![CDATA[sample]]>
              </value>
            </param>
            <param index="3">
              <value>
                <![CDATA[lastname]]>
              </value>
            </param>
            <param index="4">
              <value>
                <![CDATA[A@gmail.com]]>
              </value>
            </param>
            <param index="5">
              <value>
                <![CDATA[newexample]]>
              </value>
            </param>
            <param index="6">
              <value>
                <![CDATA[777987977989]]>
              </value>
            </param>
          </params>
          <reporter-output>
          </reporter-output>
        </test-method> <!-- testUpdateUsers -->
        <test-method signature="testDeleteuser(java.lang.String,java.lang.String,java.lang.String,java.lang.String,java.lang.String,java.lang.String,java.lang.String)[pri:4, instance:api.testcases.DataDrivenTest@1cf6d1be]" started-at="2024-08-04T12:48:38 IST" name="testDeleteuser" data-provider="excelData" finished-at="2024-08-04T12:48:39 IST" duration-ms="1056" status="PASS">
          <params>
            <param index="0">
              <value>
                <![CDATA[345]]>
              </value>
            </param>
            <param index="1">
              <value>
                <![CDATA[sirt]]>
              </value>
            </param>
            <param index="2">
              <value>
                <![CDATA[srtit]]>
              </value>
            </param>
            <param index="3">
              <value>
                <![CDATA[newlast]]>
              </value>
            </param>
            <param index="4">
              <value>
                <![CDATA[samplemail]]>
              </value>
            </param>
            <param index="5">
              <value>
                <![CDATA[newname]]>
              </value>
            </param>
            <param index="6">
              <value>
                <![CDATA[9887987]]>
              </value>
            </param>
          </params>
          <reporter-output>
          </reporter-output>
        </test-method> <!-- testDeleteuser -->
        <test-method signature="testDeleteuser(java.lang.String,java.lang.String,java.lang.String,java.lang.String,java.lang.String,java.lang.String,java.lang.String)[pri:4, instance:api.testcases.DataDrivenTest@1cf6d1be]" started-at="2024-08-04T12:48:39 IST" name="testDeleteuser" data-provider="excelData" finished-at="2024-08-04T12:48:40 IST" duration-ms="1126" status="PASS">
          <params>
            <param index="0">
              <value>
                <![CDATA[876]]>
              </value>
            </param>
            <param index="1">
              <value>
                <![CDATA[newname]]>
              </value>
            </param>
            <param index="2">
              <value>
                <![CDATA[sample]]>
              </value>
            </param>
            <param index="3">
              <value>
                <![CDATA[lastname]]>
              </value>
            </param>
            <param index="4">
              <value>
                <![CDATA[A@gmail.com]]>
              </value>
            </param>
            <param index="5">
              <value>
                <![CDATA[newexample]]>
              </value>
            </param>
            <param index="6">
              <value>
                <![CDATA[777987977989]]>
              </value>
            </param>
          </params>
          <reporter-output>
          </reporter-output>
        </test-method> <!-- testDeleteuser -->
      </class> <!-- api.testcases.DataDrivenTest -->
    </test> <!-- Default test -->
  </suite> <!-- Default suite -->
</testng-results>
